TN:
SF:src/modules/orders/services/CreateOrderService.ts
FN:9,CreateOrderService
FN:13,execute
FNF:2
FNH:2
FNDA:2,CreateOrderService
FNDA:2,execute
DA:1,1
DA:2,1
DA:3,1
DA:4,1
DA:5,1
DA:6,1
DA:7,1
DA:8,1
DA:9,1
DA:10,2
DA:11,2
DA:12,2
DA:13,1
DA:14,2
DA:15,2
DA:16,4
DA:17,4
DA:18,2
DA:19,2
DA:20,2
DA:21,2
DA:22,2
DA:23,2
DA:24,2
DA:25,1
DA:26,1
DA:27,1
DA:28,1
DA:29,1
DA:30,1
DA:31,1
DA:32,1
DA:33,1
LF:33
LH:33
BRDA:9,0,0,2
BRDA:13,1,0,2
BRDA:24,2,0,1
BRDA:15,3,0,4
BRDA:17,4,0,2
BRDA:27,5,0,1
BRF:6
BRH:6
end_of_record
TN:
SF:src/modules/orders/services/GetOrderService.ts
FN:7,GetOrderService
FN:8,execute
FNF:2
FNH:2
FNDA:2,GetOrderService
FNDA:2,execute
DA:1,1
DA:2,1
DA:3,1
DA:4,1
DA:5,1
DA:6,1
DA:7,1
DA:8,1
DA:9,2
DA:10,2
DA:11,2
DA:12,1
DA:13,1
DA:14,1
DA:15,1
DA:16,1
DA:17,1
LF:17
LH:17
BRDA:7,0,0,2
BRDA:8,1,0,2
BRDA:11,2,0,1
BRF:3
BRH:3
end_of_record
TN:
SF:src/modules/orders/services/ListOrdersService.ts
FN:8,ListOrdersService
FN:9,execute
FNF:2
FNH:2
FNDA:2,ListOrdersService
FNDA:2,execute
DA:1,1
DA:2,1
DA:3,1
DA:4,1
DA:5,1
DA:6,1
DA:7,1
DA:8,1
DA:9,1
DA:10,2
DA:11,2
DA:12,2
DA:13,2
DA:14,1
LF:14
LH:14
BRDA:8,0,0,2
BRDA:9,1,0,2
BRF:2
BRH:2
end_of_record
TN:
SF:src/modules/products/services/GetProductByNameService.ts
FN:7,GetProductByNameService
FN:8,execute
FNF:2
FNH:2
FNDA:2,GetProductByNameService
FNDA:2,execute
DA:1,1
DA:2,1
DA:3,1
DA:4,1
DA:5,1
DA:6,1
DA:7,1
DA:8,1
DA:9,2
DA:10,2
DA:11,2
DA:12,1
DA:13,1
DA:14,1
DA:15,1
DA:16,1
DA:17,1
LF:17
LH:17
BRDA:7,0,0,2
BRDA:8,1,0,2
BRDA:11,2,0,1
BRF:3
BRH:3
end_of_record
TN:
SF:src/modules/products/services/UpdateStockService.ts
FN:8,UpdateStockService
FN:9,execute
FNF:2
FNH:2
FNDA:4,UpdateStockService
FNDA:5,execute
DA:1,1
DA:2,1
DA:3,1
DA:4,1
DA:5,1
DA:6,1
DA:7,1
DA:8,1
DA:9,1
DA:10,5
DA:11,5
DA:12,5
DA:13,1
DA:14,1
DA:15,4
DA:16,5
DA:17,1
DA:18,1
DA:19,3
DA:20,3
DA:21,3
DA:22,3
DA:23,3
DA:24,1
LF:24
LH:24
BRDA:8,0,0,4
BRDA:9,1,0,5
BRDA:12,2,0,1
BRDA:15,3,0,4
BRDA:16,4,0,3
BRDA:16,5,0,1
BRDA:19,6,0,3
BRF:7
BRH:7
end_of_record
